


ARM Macro Assembler    Page 1 


    1 00000000         ;/******************************************************
                       ********************//**
    2 00000000         ; * @file     startup_<Device>.s
    3 00000000         ; * @brief    CMSIS Cortex-M# Core Device Startup File f
                       or
    4 00000000         ; *           Device <Device>
    5 00000000         ; * @version  V3.10
    6 00000000         ; * @date     23. November 2012
    7 00000000         ; *
    8 00000000         ; * @note
    9 00000000         ; *
   10 00000000         ; ******************************************************
                       ************************/
   11 00000000         ;/* Copyright (c) 2012 ARM LIMITED
   12 00000000         ;
   13 00000000         ;   All rights reserved.
   14 00000000         ;   Redistribution and use in source and binary forms, w
                       ith or without
   15 00000000         ;   modification, are permitted provided that the follow
                       ing conditions are met:
   16 00000000         ;   - Redistributions of source code must retain the abo
                       ve copyright
   17 00000000         ;     notice, this list of conditions and the following 
                       disclaimer.
   18 00000000         ;   - Redistributions in binary form must reproduce the 
                       above copyright
   19 00000000         ;     notice, this list of conditions and the following 
                       disclaimer in the
   20 00000000         ;     documentation and/or other materials provided with
                        the distribution.
   21 00000000         ;   - Neither the name of ARM nor the names of its contr
                       ibutors may be used
   22 00000000         ;     to endorse or promote products derived from this s
                       oftware without
   23 00000000         ;     specific prior written permission.
   24 00000000         ;   *
   25 00000000         ;   THIS SOFTWARE IS PROVIDED BY THE COPYRIGHT HOLDERS A
                       ND CONTRIBUTORS "AS IS"
   26 00000000         ;   AND ANY EXPRESS OR IMPLIED WARRANTIES, INCLUDING, BU
                       T NOT LIMITED TO, THE
   27 00000000         ;   IMPLIED WARRANTIES OF MERCHANTABILITY AND FITNESS FO
                       R A PARTICULAR PURPOSE
   28 00000000         ;   ARE DISCLAIMED. IN NO EVENT SHALL COPYRIGHT HOLDERS 
                       AND CONTRIBUTORS BE
   29 00000000         ;   LIABLE FOR ANY DIRECT, INDIRECT, INCIDENTAL, SPECIAL
                       , EXEMPLARY, OR
   30 00000000         ;   CONSEQUENTIAL DAMAGES (INCLUDING, BUT NOT LIMITED TO
                       , PROCUREMENT OF
   31 00000000         ;   SUBSTITUTE GOODS OR SERVICES; LOSS OF USE, DATA, OR 
                       PROFITS; OR BUSINESS
   32 00000000         ;   INTERRUPTION) HOWEVER CAUSED AND ON ANY THEORY OF LI
                       ABILITY, WHETHER IN
   33 00000000         ;   CONTRACT, STRICT LIABILITY, OR TORT (INCLUDING NEGLI
                       GENCE OR OTHERWISE)
   34 00000000         ;   ARISING IN ANY WAY OUT OF THE USE OF THIS SOFTWARE, 
                       EVEN IF ADVISED OF THE
   35 00000000         ;   POSSIBILITY OF SUCH DAMAGE.
   36 00000000         ;   ----------------------------------------------------
                       -----------------------*/



ARM Macro Assembler    Page 2 


   37 00000000         ;/*
   38 00000000         ;//-------- <<< Use Configuration Wizard in Context Menu
                        >>> ------------------
   39 00000000         ;*/
   40 00000000         
   41 00000000         
   42 00000000         ; <h> Stack Configuration
   43 00000000         ;   <o> Stack Size (in Bytes) <0x0-0xFFFFFFFF:8>
   44 00000000         ; </h>
   45 00000000         
   46 00000000 00008000 
                       Stack_Size
                               EQU              0x00008000
   47 00000000         
   48 00000000                 AREA             STACK, NOINIT, READWRITE, ALIGN
=3
   49 00000000         Stack_Mem
                               SPACE            Stack_Size
   50 00008000         __initial_sp
   51 00008000         
   52 00008000         
   53 00008000         ; <h> Heap Configuration
   54 00008000         ;   <o>  Heap Size (in Bytes) <0x0-0xFFFFFFFF:8>
   55 00008000         ; </h>
   56 00008000         
   57 00008000 00008000 
                       Heap_Size
                               EQU              0x00008000
   58 00008000         
   59 00008000                 AREA             HEAP, NOINIT, READWRITE, ALIGN=
3
   60 00000000         __heap_base
   61 00000000         Heap_Mem
                               SPACE            Heap_Size
   62 00008000         __heap_limit
   63 00008000         
   64 00008000         
   65 00008000                 PRESERVE8
   66 00008000                 THUMB
   67 00008000         
   68 00008000         
   69 00008000         ; Vector Table Mapped to Address 0 at Reset
   70 00008000         
   71 00008000                 AREA             RESET, DATA, READONLY
   72 00000000                 EXPORT           __Vectors
   73 00000000                 EXPORT           __Vectors_End
   74 00000000                 EXPORT           __Vectors_Size
   75 00000000         
   76 00000000 00000000 
                       __Vectors
                               DCD              __initial_sp ; Top of Stack
   77 00000004 00000000        DCD              Reset_Handler ; Reset Handler
   78 00000008 00000000        DCD              NMI_Handler ; NMI Handler
   79 0000000C 00000000        DCD              HardFault_Handler ; Hard Fault 
                                                            Handler
   80 00000010 00000000        DCD              MemManage_Handler 
                                                            ; MPU Fault Handler
                                                            
   81 00000014 00000000        DCD              BusFault_Handler 



ARM Macro Assembler    Page 3 


                                                            ; Bus Fault Handler
                                                            
   82 00000018 00000000        DCD              UsageFault_Handler ; Usage Faul
                                                            t Handler
   83 0000001C 00000000        DCD              0           ; Reserved
   84 00000020 00000000        DCD              0           ; Reserved
   85 00000024 00000000        DCD              0           ; Reserved
   86 00000028 00000000        DCD              0           ; Reserved
   87 0000002C 00000000        DCD              SVC_Handler ; SVCall Handler
   88 00000030 00000000        DCD              DebugMon_Handler ; Debug Monito
                                                            r Handler
   89 00000034 00000000        DCD              0           ; Reserved
   90 00000038 00000000        DCD              PendSV_Handler ; PendSV Handler
                                                            
   91 0000003C 00000000        DCD              SysTick_Handler 
                                                            ; SysTick Handler
   92 00000040         
   93 00000040         ; External Interrupts
   94 00000040 00000000        DCD              DMA0_IRQHandler
   95 00000044 00000000        DCD              USB_IRQHandler
   96 00000048 00000000        DCD              USBDMA_IRQHandler
   97 0000004C 00000000        DCD              LCD_IRQHandler
   98 00000050 00000000        DCD              SCI0_IRQHandler
   99 00000054 00000000        DCD              UART0_IRQHandler
  100 00000058 00000000        DCD              UART1_IRQHandler
  101 0000005C 00000000        DCD              SPI0_IRQHandler
  102 00000060 00000000        DCD              CRYPT0_IRQHandler
  103 00000064 00000000        DCD              TIM0_0_IRQHandler
  104 00000068 00000000        DCD              TIM0_1_IRQHandler
  105 0000006C 00000000        DCD              TIM0_2_IRQHandler
  106 00000070 00000000        DCD              TIM0_3_IRQHandler
  107 00000074 00000000        DCD              EXTI0_IRQHandler
  108 00000078 00000000        DCD              EXTI1_IRQHandler
  109 0000007C 00000000        DCD              EXTI2_IRQHandler
  110 00000080 00000000        DCD              RTC_IRQHandler
  111 00000084 00000000        DCD              SENSOR_IRQHandler
  112 00000088 00000000        DCD              TRNG_IRQHandler
  113 0000008C 00000000        DCD              ADC0_IRQHandler
  114 00000090 00000000        DCD              SSC_IRQHandler
  115 00000094 00000000        DCD              TIM0_4_IRQHandler
  116 00000098 00000000        DCD              TIM0_5_IRQHandler
  117 0000009C 00000000        DCD              KEYBOARD_IRQHandler
  118 000000A0 00000000        DCD              MSR_IRQHandler
  119 000000A4 00000000        DCD              EXTI3_IRQHandler
  120 000000A8 00000000        DCD              SPI1_IRQHandler
  121 000000AC 00000000        DCD              SPI2_IRQHandler
  122 000000B0 00000000        DCD              0
  123 000000B4 00000000        DCD              SCI2_IRQHandler
  124 000000B8 00000000        DCD              0
  125 000000BC 00000000        DCD              0
  126 000000C0 00000000        DCD              UART2_IRQHandler
  127 000000C4 00000000        DCD              UART3_IRQHandler
  128 000000C8 00000000        DCD              0
  129 000000CC 00000000        DCD              QSPI_IRQHandler
  130 000000D0 00000000        DCD              I2C0_IRQHandler
  131 000000D4 00000000        DCD              EXTI4_IRQHandler
  132 000000D8 00000000        DCD              EXTI5_IRQHandler
  133 000000DC 00000000        DCD              TIM0_6_IRQHandler
  134 000000E0 00000000        DCD              TIM0_7_IRQHandler



ARM Macro Assembler    Page 4 


  135 000000E4 00000000        DCD              0
  136 000000E8 00000000        DCD              DCMI_IRQHandler
  137 000000EC 00000000        DCD              0
  138 000000F0 00000000        DCD              0
  139 000000F4 00000000        DCD              0
  140 000000F8 00000000        DCD              QR_IRQHandler
  141 000000FC 00000000        DCD              GPU_IRQHandler
  142 00000100 00000000        DCD              0
  143 00000104 00000000        DCD              AWD_IRQHandler
  144 00000108 00000000        DCD              DAC_IRQHandler
  145 0000010C 00000000        DCD              SPI5_IRQHandler
  146 00000110         
  147 00000110         __Vectors_End
  148 00000110         
  149 00000110 00000110 
                       __Vectors_Size
                               EQU              __Vectors_End - __Vectors
  150 00000110         
  151 00000110                 AREA             |.text|, CODE, READONLY
  152 00000000         
  153 00000000         
  154 00000000         ; Reset Handler
  155 00000000         
  156 00000000         Reset_Handler
                               PROC
  157 00000000                 EXPORT           Reset_Handler             [WEAK
]
  158 00000000                 IMPORT           SystemInit
  159 00000000                 IMPORT           __main
  160 00000000         
  161 00000000 4809            LDR              R0, =__Vectors
  162 00000002 490A            LDR              R1, =0xE000ED08
  163 00000004 6008            STR              R0, [R1]
  164 00000006 6800            LDR              R0, [R0]
  165 00000008 4685            MOV              SP, R0
  166 0000000A         
  167 0000000A 4809            LDR              R0, =SystemInit
  168 0000000C 4780            BLX              R0
  169 0000000E         
  170 0000000E 4809            LDR              R0, =__main
  171 00000010 4700            BX               R0
  172 00000012                 ENDP
  173 00000012         
  174 00000012         
  175 00000012 00 00           ALIGN
  176 00000014         
  177 00000014         ; Dummy Exception Handlers (infinite loops which can be 
                       modified)
  178 00000014         
  179 00000014         NMI_Handler
                               PROC
  180 00000014                 EXPORT           NMI_Handler               [WEAK
]
  181 00000014 E7FE            B                .
  182 00000016                 ENDP
  184 00000016         HardFault_Handler
                               PROC
  185 00000016                 EXPORT           HardFault_Handler         [WEAK
]



ARM Macro Assembler    Page 5 


  186 00000016 E7FE            B                .
  187 00000018                 ENDP
  189 00000018         MemManage_Handler
                               PROC
  190 00000018                 EXPORT           MemManage_Handler         [WEAK
]
  191 00000018 E7FE            B                .
  192 0000001A                 ENDP
  194 0000001A         BusFault_Handler
                               PROC
  195 0000001A                 EXPORT           BusFault_Handler          [WEAK
]
  196 0000001A E7FE            B                .
  197 0000001C                 ENDP
  199 0000001C         UsageFault_Handler
                               PROC
  200 0000001C                 EXPORT           UsageFault_Handler        [WEAK
]
  201 0000001C E7FE            B                .
  202 0000001E                 ENDP
  203 0000001E         SVC_Handler
                               PROC
  204 0000001E                 EXPORT           SVC_Handler               [WEAK
]
  205 0000001E E7FE            B                .
  206 00000020                 ENDP
  208 00000020         DebugMon_Handler
                               PROC
  209 00000020                 EXPORT           DebugMon_Handler          [WEAK
]
  210 00000020 E7FE            B                .
  211 00000022                 ENDP
  213 00000022         PendSV_Handler
                               PROC
  214 00000022                 EXPORT           PendSV_Handler            [WEAK
]
  215 00000022 E7FE            B                .
  216 00000024                 ENDP
  218 00000024         SysTick_Handler
                               PROC
  219 00000024                 EXPORT           SysTick_Handler           [WEAK
]
  220 00000024 E7FE            B                .
  221 00000026                 ENDP
  222 00000026         
  223 00000026         Default_Handler
                               PROC
  224 00000026         ; ToDo:  Add here the export definition for the device s
                       pecific external interrupts handler
  225 00000026                 EXPORT           DMA0_IRQHandler   [WEAK]
  226 00000026                 EXPORT           USB_IRQHandler   [WEAK]
  227 00000026                 EXPORT           USBDMA_IRQHandler  [WEAK]
  228 00000026                 EXPORT           LCD_IRQHandler   [WEAK]
  229 00000026                 EXPORT           SCI0_IRQHandler   [WEAK]
  230 00000026                 EXPORT           UART0_IRQHandler  [WEAK]
  231 00000026                 EXPORT           UART1_IRQHandler  [WEAK]
  232 00000026                 EXPORT           SPI0_IRQHandler   [WEAK]
  233 00000026                 EXPORT           CRYPT0_IRQHandler  [WEAK]
  234 00000026                 EXPORT           TIM0_0_IRQHandler  [WEAK]



ARM Macro Assembler    Page 6 


  235 00000026                 EXPORT           TIM0_1_IRQHandler  [WEAK]
  236 00000026                 EXPORT           TIM0_2_IRQHandler  [WEAK]
  237 00000026                 EXPORT           TIM0_3_IRQHandler  [WEAK]
  238 00000026                 EXPORT           EXTI0_IRQHandler  [WEAK]
  239 00000026                 EXPORT           EXTI1_IRQHandler  [WEAK]
  240 00000026                 EXPORT           EXTI2_IRQHandler  [WEAK]
  241 00000026                 EXPORT           RTC_IRQHandler   [WEAK]
  242 00000026                 EXPORT           SENSOR_IRQHandler  [WEAK]
  243 00000026                 EXPORT           TRNG_IRQHandler   [WEAK]
  244 00000026                 EXPORT           ADC0_IRQHandler   [WEAK]
  245 00000026                 EXPORT           SSC_IRQHandler   [WEAK]
  246 00000026                 EXPORT           TIM0_4_IRQHandler  [WEAK]
  247 00000026                 EXPORT           TIM0_5_IRQHandler  [WEAK]
  248 00000026                 EXPORT           KEYBOARD_IRQHandler     [WEAK]
  249 00000026                 EXPORT           MSR_IRQHandler   [WEAK]
  250 00000026                 EXPORT           EXTI3_IRQHandler  [WEAK]
  251 00000026                 EXPORT           SPI1_IRQHandler   [WEAK]
  252 00000026                 EXPORT           SPI2_IRQHandler   [WEAK]
  253 00000026                 EXPORT           SCI2_IRQHandler         [WEAK]
  254 00000026                 EXPORT           UART2_IRQHandler        [WEAK]
  255 00000026                 EXPORT           UART3_IRQHandler        [WEAK]
  256 00000026                 EXPORT           QSPI_IRQHandler         [WEAK]
  257 00000026                 EXPORT           I2C0_IRQHandler         [WEAK]
  258 00000026                 EXPORT           EXTI4_IRQHandler        [WEAK]
  259 00000026                 EXPORT           EXTI5_IRQHandler        [WEAK]
  260 00000026                 EXPORT           TIM0_6_IRQHandler  [WEAK]
  261 00000026                 EXPORT           TIM0_7_IRQHandler  [WEAK]
  262 00000026                 EXPORT           DCMI_IRQHandler         [WEAK]
  263 00000026                 EXPORT           QR_IRQHandler   [WEAK]
  264 00000026                 EXPORT           GPU_IRQHandler          [WEAK]
  265 00000026                 EXPORT           AWD_IRQHandler      [WEAK]
  266 00000026                 EXPORT           DAC_IRQHandler       [WEAK]
  267 00000026                 EXPORT           SPI5_IRQHandler       [WEAK]
  268 00000026         ; ToDo:  Add here the names for the device specific exte
                       rnal interrupts handler
  269 00000026         DMA0_IRQHandler
  270 00000026         USB_IRQHandler
  271 00000026         USBDMA_IRQHandler
  272 00000026         LCD_IRQHandler
  273 00000026         SCI0_IRQHandler
  274 00000026         UART0_IRQHandler
  275 00000026         UART1_IRQHandler
  276 00000026         SPI0_IRQHandler
  277 00000026         CRYPT0_IRQHandler
  278 00000026         TIM0_0_IRQHandler
  279 00000026         TIM0_1_IRQHandler
  280 00000026         TIM0_2_IRQHandler
  281 00000026         TIM0_3_IRQHandler
  282 00000026         EXTI0_IRQHandler
  283 00000026         EXTI1_IRQHandler
  284 00000026         EXTI2_IRQHandler
  285 00000026         RTC_IRQHandler
  286 00000026         SENSOR_IRQHandler
  287 00000026         TRNG_IRQHandler
  288 00000026         ADC0_IRQHandler
  289 00000026         SSC_IRQHandler
  290 00000026         TIM0_4_IRQHandler
  291 00000026         TIM0_5_IRQHandler
  292 00000026         KEYBOARD_IRQHandler



ARM Macro Assembler    Page 7 


  293 00000026         MSR_IRQHandler
  294 00000026         EXTI3_IRQHandler
  295 00000026         SPI1_IRQHandler
  296 00000026         SPI2_IRQHandler
  297 00000026         SCI2_IRQHandler
  298 00000026         UART2_IRQHandler
  299 00000026         UART3_IRQHandler
  300 00000026         QSPI_IRQHandler
  301 00000026         I2C0_IRQHandler
  302 00000026         EXTI4_IRQHandler
  303 00000026         EXTI5_IRQHandler
  304 00000026         TIM0_6_IRQHandler
  305 00000026         TIM0_7_IRQHandler
  306 00000026         DCMI_IRQHandler
  307 00000026         QR_IRQHandler
  308 00000026         GPU_IRQHandler
  309 00000026         AWD_IRQHandler
  310 00000026         DAC_IRQHandler
  311 00000026         SPI5_IRQHandler
  312 00000026         
  313 00000026 E7FE            B                .
  314 00000028                 ENDP
  315 00000028         
  316 00000028         
  317 00000028                 ALIGN
  318 00000028         
  319 00000028         
  320 00000028         ; User Initial Stack & Heap
  321 00000028         
  322 00000028                 IF               :DEF:__MICROLIB
  323 00000028         
  324 00000028                 EXPORT           __initial_sp
  325 00000028                 EXPORT           __heap_base
  326 00000028                 EXPORT           __heap_limit
  327 00000028         
  328 00000028                 ELSE
  343                          ENDIF
  344 00000028         
  345 00000028         
  346 00000028                 END
              00000000 
              E000ED08 
              00000000 
              00000000 
Command Line: --debug --xref --diag_suppress=9931 --cpu=Cortex-M4.fp.sp --apcs=
interwork --depend=..\..\output\startup_mhscpu.d -o..\..\output\startup_mhscpu.
o -I.\RTE\_Megahunt_MH903S -I"D:\Program Files\KEIL5\arm_packs\ARM\CMSIS\5.6.0\
Device\ARM\ARMCM4\Include" -I"D:\Program Files\KEIL5\ARM\CMSIS\Include" --prede
fine="__MICROLIB SETA 1" --predefine="__UVISION_VERSION SETA 529" --predefine="
ARMCM4_FP SETA 1" --list=..\..\listing\startup_mhscpu.lst ..\..\Libraries\CMSIS
\Device\MegaHunt\mhscpu\Source\ARM\startup_mhscpu.s



ARM Macro Assembler    Page 1 Alphabetic symbol ordering
Relocatable symbols

STACK 00000000

Symbol: STACK
   Definitions
      At line 48 in file ..\..\Libraries\CMSIS\Device\MegaHunt\mhscpu\Source\AR
M\startup_mhscpu.s
   Uses
      None
Comment: STACK unused
Stack_Mem 00000000

Symbol: Stack_Mem
   Definitions
      At line 49 in file ..\..\Libraries\CMSIS\Device\MegaHunt\mhscpu\Source\AR
M\startup_mhscpu.s
   Uses
      None
Comment: Stack_Mem unused
__initial_sp 00008000

Symbol: __initial_sp
   Definitions
      At line 50 in file ..\..\Libraries\CMSIS\Device\MegaHunt\mhscpu\Source\AR
M\startup_mhscpu.s
   Uses
      At line 76 in file ..\..\Libraries\CMSIS\Device\MegaHunt\mhscpu\Source\AR
M\startup_mhscpu.s
      At line 324 in file ..\..\Libraries\CMSIS\Device\MegaHunt\mhscpu\Source\A
RM\startup_mhscpu.s

3 symbols



ARM Macro Assembler    Page 1 Alphabetic symbol ordering
Relocatable symbols

HEAP 00000000

Symbol: HEAP
   Definitions
      At line 59 in file ..\..\Libraries\CMSIS\Device\MegaHunt\mhscpu\Source\AR
M\startup_mhscpu.s
   Uses
      None
Comment: HEAP unused
Heap_Mem 00000000

Symbol: Heap_Mem
   Definitions
      At line 61 in file ..\..\Libraries\CMSIS\Device\MegaHunt\mhscpu\Source\AR
M\startup_mhscpu.s
   Uses
      None
Comment: Heap_Mem unused
__heap_base 00000000

Symbol: __heap_base
   Definitions
      At line 60 in file ..\..\Libraries\CMSIS\Device\MegaHunt\mhscpu\Source\AR
M\startup_mhscpu.s
   Uses
      At line 325 in file ..\..\Libraries\CMSIS\Device\MegaHunt\mhscpu\Source\A
RM\startup_mhscpu.s
Comment: __heap_base used once
__heap_limit 00008000

Symbol: __heap_limit
   Definitions
      At line 62 in file ..\..\Libraries\CMSIS\Device\MegaHunt\mhscpu\Source\AR
M\startup_mhscpu.s
   Uses
      At line 326 in file ..\..\Libraries\CMSIS\Device\MegaHunt\mhscpu\Source\A
RM\startup_mhscpu.s
Comment: __heap_limit used once
4 symbols



ARM Macro Assembler    Page 1 Alphabetic symbol ordering
Relocatable symbols

RESET 00000000

Symbol: RESET
   Definitions
      At line 71 in file ..\..\Libraries\CMSIS\Device\MegaHunt\mhscpu\Source\AR
M\startup_mhscpu.s
   Uses
      None
Comment: RESET unused
__Vectors 00000000

Symbol: __Vectors
   Definitions
      At line 76 in file ..\..\Libraries\CMSIS\Device\MegaHunt\mhscpu\Source\AR
M\startup_mhscpu.s
   Uses
      At line 72 in file ..\..\Libraries\CMSIS\Device\MegaHunt\mhscpu\Source\AR
M\startup_mhscpu.s
      At line 149 in file ..\..\Libraries\CMSIS\Device\MegaHunt\mhscpu\Source\A
RM\startup_mhscpu.s
      At line 161 in file ..\..\Libraries\CMSIS\Device\MegaHunt\mhscpu\Source\A
RM\startup_mhscpu.s

__Vectors_End 00000110

Symbol: __Vectors_End
   Definitions
      At line 147 in file ..\..\Libraries\CMSIS\Device\MegaHunt\mhscpu\Source\A
RM\startup_mhscpu.s
   Uses
      At line 73 in file ..\..\Libraries\CMSIS\Device\MegaHunt\mhscpu\Source\AR
M\startup_mhscpu.s
      At line 149 in file ..\..\Libraries\CMSIS\Device\MegaHunt\mhscpu\Source\A
RM\startup_mhscpu.s

3 symbols



ARM Macro Assembler    Page 1 Alphabetic symbol ordering
Relocatable symbols

.text 00000000

Symbol: .text
   Definitions
      At line 151 in file ..\..\Libraries\CMSIS\Device\MegaHunt\mhscpu\Source\A
RM\startup_mhscpu.s
   Uses
      None
Comment: .text unused
ADC0_IRQHandler 00000026

Symbol: ADC0_IRQHandler
   Definitions
      At line 288 in file ..\..\Libraries\CMSIS\Device\MegaHunt\mhscpu\Source\A
RM\startup_mhscpu.s
   Uses
      At line 113 in file ..\..\Libraries\CMSIS\Device\MegaHunt\mhscpu\Source\A
RM\startup_mhscpu.s
      At line 244 in file ..\..\Libraries\CMSIS\Device\MegaHunt\mhscpu\Source\A
RM\startup_mhscpu.s

AWD_IRQHandler 00000026

Symbol: AWD_IRQHandler
   Definitions
      At line 309 in file ..\..\Libraries\CMSIS\Device\MegaHunt\mhscpu\Source\A
RM\startup_mhscpu.s
   Uses
      At line 143 in file ..\..\Libraries\CMSIS\Device\MegaHunt\mhscpu\Source\A
RM\startup_mhscpu.s
      At line 265 in file ..\..\Libraries\CMSIS\Device\MegaHunt\mhscpu\Source\A
RM\startup_mhscpu.s

BusFault_Handler 0000001A

Symbol: BusFault_Handler
   Definitions
      At line 194 in file ..\..\Libraries\CMSIS\Device\MegaHunt\mhscpu\Source\A
RM\startup_mhscpu.s
   Uses
      At line 81 in file ..\..\Libraries\CMSIS\Device\MegaHunt\mhscpu\Source\AR
M\startup_mhscpu.s
      At line 195 in file ..\..\Libraries\CMSIS\Device\MegaHunt\mhscpu\Source\A
RM\startup_mhscpu.s

CRYPT0_IRQHandler 00000026

Symbol: CRYPT0_IRQHandler
   Definitions
      At line 277 in file ..\..\Libraries\CMSIS\Device\MegaHunt\mhscpu\Source\A
RM\startup_mhscpu.s
   Uses
      At line 102 in file ..\..\Libraries\CMSIS\Device\MegaHunt\mhscpu\Source\A
RM\startup_mhscpu.s
      At line 233 in file ..\..\Libraries\CMSIS\Device\MegaHunt\mhscpu\Source\A
RM\startup_mhscpu.s

DAC_IRQHandler 00000026




ARM Macro Assembler    Page 2 Alphabetic symbol ordering
Relocatable symbols

Symbol: DAC_IRQHandler
   Definitions
      At line 310 in file ..\..\Libraries\CMSIS\Device\MegaHunt\mhscpu\Source\A
RM\startup_mhscpu.s
   Uses
      At line 144 in file ..\..\Libraries\CMSIS\Device\MegaHunt\mhscpu\Source\A
RM\startup_mhscpu.s
      At line 266 in file ..\..\Libraries\CMSIS\Device\MegaHunt\mhscpu\Source\A
RM\startup_mhscpu.s

DCMI_IRQHandler 00000026

Symbol: DCMI_IRQHandler
   Definitions
      At line 306 in file ..\..\Libraries\CMSIS\Device\MegaHunt\mhscpu\Source\A
RM\startup_mhscpu.s
   Uses
      At line 136 in file ..\..\Libraries\CMSIS\Device\MegaHunt\mhscpu\Source\A
RM\startup_mhscpu.s
      At line 262 in file ..\..\Libraries\CMSIS\Device\MegaHunt\mhscpu\Source\A
RM\startup_mhscpu.s

DMA0_IRQHandler 00000026

Symbol: DMA0_IRQHandler
   Definitions
      At line 269 in file ..\..\Libraries\CMSIS\Device\MegaHunt\mhscpu\Source\A
RM\startup_mhscpu.s
   Uses
      At line 94 in file ..\..\Libraries\CMSIS\Device\MegaHunt\mhscpu\Source\AR
M\startup_mhscpu.s
      At line 225 in file ..\..\Libraries\CMSIS\Device\MegaHunt\mhscpu\Source\A
RM\startup_mhscpu.s

DebugMon_Handler 00000020

Symbol: DebugMon_Handler
   Definitions
      At line 208 in file ..\..\Libraries\CMSIS\Device\MegaHunt\mhscpu\Source\A
RM\startup_mhscpu.s
   Uses
      At line 88 in file ..\..\Libraries\CMSIS\Device\MegaHunt\mhscpu\Source\AR
M\startup_mhscpu.s
      At line 209 in file ..\..\Libraries\CMSIS\Device\MegaHunt\mhscpu\Source\A
RM\startup_mhscpu.s

Default_Handler 00000026

Symbol: Default_Handler
   Definitions
      At line 223 in file ..\..\Libraries\CMSIS\Device\MegaHunt\mhscpu\Source\A
RM\startup_mhscpu.s
   Uses
      None
Comment: Default_Handler unused
EXTI0_IRQHandler 00000026

Symbol: EXTI0_IRQHandler
   Definitions



ARM Macro Assembler    Page 3 Alphabetic symbol ordering
Relocatable symbols

      At line 282 in file ..\..\Libraries\CMSIS\Device\MegaHunt\mhscpu\Source\A
RM\startup_mhscpu.s
   Uses
      At line 107 in file ..\..\Libraries\CMSIS\Device\MegaHunt\mhscpu\Source\A
RM\startup_mhscpu.s
      At line 238 in file ..\..\Libraries\CMSIS\Device\MegaHunt\mhscpu\Source\A
RM\startup_mhscpu.s

EXTI1_IRQHandler 00000026

Symbol: EXTI1_IRQHandler
   Definitions
      At line 283 in file ..\..\Libraries\CMSIS\Device\MegaHunt\mhscpu\Source\A
RM\startup_mhscpu.s
   Uses
      At line 108 in file ..\..\Libraries\CMSIS\Device\MegaHunt\mhscpu\Source\A
RM\startup_mhscpu.s
      At line 239 in file ..\..\Libraries\CMSIS\Device\MegaHunt\mhscpu\Source\A
RM\startup_mhscpu.s

EXTI2_IRQHandler 00000026

Symbol: EXTI2_IRQHandler
   Definitions
      At line 284 in file ..\..\Libraries\CMSIS\Device\MegaHunt\mhscpu\Source\A
RM\startup_mhscpu.s
   Uses
      At line 109 in file ..\..\Libraries\CMSIS\Device\MegaHunt\mhscpu\Source\A
RM\startup_mhscpu.s
      At line 240 in file ..\..\Libraries\CMSIS\Device\MegaHunt\mhscpu\Source\A
RM\startup_mhscpu.s

EXTI3_IRQHandler 00000026

Symbol: EXTI3_IRQHandler
   Definitions
      At line 294 in file ..\..\Libraries\CMSIS\Device\MegaHunt\mhscpu\Source\A
RM\startup_mhscpu.s
   Uses
      At line 119 in file ..\..\Libraries\CMSIS\Device\MegaHunt\mhscpu\Source\A
RM\startup_mhscpu.s
      At line 250 in file ..\..\Libraries\CMSIS\Device\MegaHunt\mhscpu\Source\A
RM\startup_mhscpu.s

EXTI4_IRQHandler 00000026

Symbol: EXTI4_IRQHandler
   Definitions
      At line 302 in file ..\..\Libraries\CMSIS\Device\MegaHunt\mhscpu\Source\A
RM\startup_mhscpu.s
   Uses
      At line 131 in file ..\..\Libraries\CMSIS\Device\MegaHunt\mhscpu\Source\A
RM\startup_mhscpu.s
      At line 258 in file ..\..\Libraries\CMSIS\Device\MegaHunt\mhscpu\Source\A
RM\startup_mhscpu.s

EXTI5_IRQHandler 00000026

Symbol: EXTI5_IRQHandler



ARM Macro Assembler    Page 4 Alphabetic symbol ordering
Relocatable symbols

   Definitions
      At line 303 in file ..\..\Libraries\CMSIS\Device\MegaHunt\mhscpu\Source\A
RM\startup_mhscpu.s
   Uses
      At line 132 in file ..\..\Libraries\CMSIS\Device\MegaHunt\mhscpu\Source\A
RM\startup_mhscpu.s
      At line 259 in file ..\..\Libraries\CMSIS\Device\MegaHunt\mhscpu\Source\A
RM\startup_mhscpu.s

GPU_IRQHandler 00000026

Symbol: GPU_IRQHandler
   Definitions
      At line 308 in file ..\..\Libraries\CMSIS\Device\MegaHunt\mhscpu\Source\A
RM\startup_mhscpu.s
   Uses
      At line 141 in file ..\..\Libraries\CMSIS\Device\MegaHunt\mhscpu\Source\A
RM\startup_mhscpu.s
      At line 264 in file ..\..\Libraries\CMSIS\Device\MegaHunt\mhscpu\Source\A
RM\startup_mhscpu.s

HardFault_Handler 00000016

Symbol: HardFault_Handler
   Definitions
      At line 184 in file ..\..\Libraries\CMSIS\Device\MegaHunt\mhscpu\Source\A
RM\startup_mhscpu.s
   Uses
      At line 79 in file ..\..\Libraries\CMSIS\Device\MegaHunt\mhscpu\Source\AR
M\startup_mhscpu.s
      At line 185 in file ..\..\Libraries\CMSIS\Device\MegaHunt\mhscpu\Source\A
RM\startup_mhscpu.s

I2C0_IRQHandler 00000026

Symbol: I2C0_IRQHandler
   Definitions
      At line 301 in file ..\..\Libraries\CMSIS\Device\MegaHunt\mhscpu\Source\A
RM\startup_mhscpu.s
   Uses
      At line 130 in file ..\..\Libraries\CMSIS\Device\MegaHunt\mhscpu\Source\A
RM\startup_mhscpu.s
      At line 257 in file ..\..\Libraries\CMSIS\Device\MegaHunt\mhscpu\Source\A
RM\startup_mhscpu.s

KEYBOARD_IRQHandler 00000026

Symbol: KEYBOARD_IRQHandler
   Definitions
      At line 292 in file ..\..\Libraries\CMSIS\Device\MegaHunt\mhscpu\Source\A
RM\startup_mhscpu.s
   Uses
      At line 117 in file ..\..\Libraries\CMSIS\Device\MegaHunt\mhscpu\Source\A
RM\startup_mhscpu.s
      At line 248 in file ..\..\Libraries\CMSIS\Device\MegaHunt\mhscpu\Source\A
RM\startup_mhscpu.s

LCD_IRQHandler 00000026




ARM Macro Assembler    Page 5 Alphabetic symbol ordering
Relocatable symbols

Symbol: LCD_IRQHandler
   Definitions
      At line 272 in file ..\..\Libraries\CMSIS\Device\MegaHunt\mhscpu\Source\A
RM\startup_mhscpu.s
   Uses
      At line 97 in file ..\..\Libraries\CMSIS\Device\MegaHunt\mhscpu\Source\AR
M\startup_mhscpu.s
      At line 228 in file ..\..\Libraries\CMSIS\Device\MegaHunt\mhscpu\Source\A
RM\startup_mhscpu.s

MSR_IRQHandler 00000026

Symbol: MSR_IRQHandler
   Definitions
      At line 293 in file ..\..\Libraries\CMSIS\Device\MegaHunt\mhscpu\Source\A
RM\startup_mhscpu.s
   Uses
      At line 118 in file ..\..\Libraries\CMSIS\Device\MegaHunt\mhscpu\Source\A
RM\startup_mhscpu.s
      At line 249 in file ..\..\Libraries\CMSIS\Device\MegaHunt\mhscpu\Source\A
RM\startup_mhscpu.s

MemManage_Handler 00000018

Symbol: MemManage_Handler
   Definitions
      At line 189 in file ..\..\Libraries\CMSIS\Device\MegaHunt\mhscpu\Source\A
RM\startup_mhscpu.s
   Uses
      At line 80 in file ..\..\Libraries\CMSIS\Device\MegaHunt\mhscpu\Source\AR
M\startup_mhscpu.s
      At line 190 in file ..\..\Libraries\CMSIS\Device\MegaHunt\mhscpu\Source\A
RM\startup_mhscpu.s

NMI_Handler 00000014

Symbol: NMI_Handler
   Definitions
      At line 179 in file ..\..\Libraries\CMSIS\Device\MegaHunt\mhscpu\Source\A
RM\startup_mhscpu.s
   Uses
      At line 78 in file ..\..\Libraries\CMSIS\Device\MegaHunt\mhscpu\Source\AR
M\startup_mhscpu.s
      At line 180 in file ..\..\Libraries\CMSIS\Device\MegaHunt\mhscpu\Source\A
RM\startup_mhscpu.s

PendSV_Handler 00000022

Symbol: PendSV_Handler
   Definitions
      At line 213 in file ..\..\Libraries\CMSIS\Device\MegaHunt\mhscpu\Source\A
RM\startup_mhscpu.s
   Uses
      At line 90 in file ..\..\Libraries\CMSIS\Device\MegaHunt\mhscpu\Source\AR
M\startup_mhscpu.s
      At line 214 in file ..\..\Libraries\CMSIS\Device\MegaHunt\mhscpu\Source\A
RM\startup_mhscpu.s

QR_IRQHandler 00000026



ARM Macro Assembler    Page 6 Alphabetic symbol ordering
Relocatable symbols


Symbol: QR_IRQHandler
   Definitions
      At line 307 in file ..\..\Libraries\CMSIS\Device\MegaHunt\mhscpu\Source\A
RM\startup_mhscpu.s
   Uses
      At line 140 in file ..\..\Libraries\CMSIS\Device\MegaHunt\mhscpu\Source\A
RM\startup_mhscpu.s
      At line 263 in file ..\..\Libraries\CMSIS\Device\MegaHunt\mhscpu\Source\A
RM\startup_mhscpu.s

QSPI_IRQHandler 00000026

Symbol: QSPI_IRQHandler
   Definitions
      At line 300 in file ..\..\Libraries\CMSIS\Device\MegaHunt\mhscpu\Source\A
RM\startup_mhscpu.s
   Uses
      At line 129 in file ..\..\Libraries\CMSIS\Device\MegaHunt\mhscpu\Source\A
RM\startup_mhscpu.s
      At line 256 in file ..\..\Libraries\CMSIS\Device\MegaHunt\mhscpu\Source\A
RM\startup_mhscpu.s

RTC_IRQHandler 00000026

Symbol: RTC_IRQHandler
   Definitions
      At line 285 in file ..\..\Libraries\CMSIS\Device\MegaHunt\mhscpu\Source\A
RM\startup_mhscpu.s
   Uses
      At line 110 in file ..\..\Libraries\CMSIS\Device\MegaHunt\mhscpu\Source\A
RM\startup_mhscpu.s
      At line 241 in file ..\..\Libraries\CMSIS\Device\MegaHunt\mhscpu\Source\A
RM\startup_mhscpu.s

Reset_Handler 00000000

Symbol: Reset_Handler
   Definitions
      At line 156 in file ..\..\Libraries\CMSIS\Device\MegaHunt\mhscpu\Source\A
RM\startup_mhscpu.s
   Uses
      At line 77 in file ..\..\Libraries\CMSIS\Device\MegaHunt\mhscpu\Source\AR
M\startup_mhscpu.s
      At line 157 in file ..\..\Libraries\CMSIS\Device\MegaHunt\mhscpu\Source\A
RM\startup_mhscpu.s

SCI0_IRQHandler 00000026

Symbol: SCI0_IRQHandler
   Definitions
      At line 273 in file ..\..\Libraries\CMSIS\Device\MegaHunt\mhscpu\Source\A
RM\startup_mhscpu.s
   Uses
      At line 98 in file ..\..\Libraries\CMSIS\Device\MegaHunt\mhscpu\Source\AR
M\startup_mhscpu.s
      At line 229 in file ..\..\Libraries\CMSIS\Device\MegaHunt\mhscpu\Source\A
RM\startup_mhscpu.s




ARM Macro Assembler    Page 7 Alphabetic symbol ordering
Relocatable symbols

SCI2_IRQHandler 00000026

Symbol: SCI2_IRQHandler
   Definitions
      At line 297 in file ..\..\Libraries\CMSIS\Device\MegaHunt\mhscpu\Source\A
RM\startup_mhscpu.s
   Uses
      At line 123 in file ..\..\Libraries\CMSIS\Device\MegaHunt\mhscpu\Source\A
RM\startup_mhscpu.s
      At line 253 in file ..\..\Libraries\CMSIS\Device\MegaHunt\mhscpu\Source\A
RM\startup_mhscpu.s

SENSOR_IRQHandler 00000026

Symbol: SENSOR_IRQHandler
   Definitions
      At line 286 in file ..\..\Libraries\CMSIS\Device\MegaHunt\mhscpu\Source\A
RM\startup_mhscpu.s
   Uses
      At line 111 in file ..\..\Libraries\CMSIS\Device\MegaHunt\mhscpu\Source\A
RM\startup_mhscpu.s
      At line 242 in file ..\..\Libraries\CMSIS\Device\MegaHunt\mhscpu\Source\A
RM\startup_mhscpu.s

SPI0_IRQHandler 00000026

Symbol: SPI0_IRQHandler
   Definitions
      At line 276 in file ..\..\Libraries\CMSIS\Device\MegaHunt\mhscpu\Source\A
RM\startup_mhscpu.s
   Uses
      At line 101 in file ..\..\Libraries\CMSIS\Device\MegaHunt\mhscpu\Source\A
RM\startup_mhscpu.s
      At line 232 in file ..\..\Libraries\CMSIS\Device\MegaHunt\mhscpu\Source\A
RM\startup_mhscpu.s

SPI1_IRQHandler 00000026

Symbol: SPI1_IRQHandler
   Definitions
      At line 295 in file ..\..\Libraries\CMSIS\Device\MegaHunt\mhscpu\Source\A
RM\startup_mhscpu.s
   Uses
      At line 120 in file ..\..\Libraries\CMSIS\Device\MegaHunt\mhscpu\Source\A
RM\startup_mhscpu.s
      At line 251 in file ..\..\Libraries\CMSIS\Device\MegaHunt\mhscpu\Source\A
RM\startup_mhscpu.s

SPI2_IRQHandler 00000026

Symbol: SPI2_IRQHandler
   Definitions
      At line 296 in file ..\..\Libraries\CMSIS\Device\MegaHunt\mhscpu\Source\A
RM\startup_mhscpu.s
   Uses
      At line 121 in file ..\..\Libraries\CMSIS\Device\MegaHunt\mhscpu\Source\A
RM\startup_mhscpu.s
      At line 252 in file ..\..\Libraries\CMSIS\Device\MegaHunt\mhscpu\Source\A
RM\startup_mhscpu.s



ARM Macro Assembler    Page 8 Alphabetic symbol ordering
Relocatable symbols


SPI5_IRQHandler 00000026

Symbol: SPI5_IRQHandler
   Definitions
      At line 311 in file ..\..\Libraries\CMSIS\Device\MegaHunt\mhscpu\Source\A
RM\startup_mhscpu.s
   Uses
      At line 145 in file ..\..\Libraries\CMSIS\Device\MegaHunt\mhscpu\Source\A
RM\startup_mhscpu.s
      At line 267 in file ..\..\Libraries\CMSIS\Device\MegaHunt\mhscpu\Source\A
RM\startup_mhscpu.s

SSC_IRQHandler 00000026

Symbol: SSC_IRQHandler
   Definitions
      At line 289 in file ..\..\Libraries\CMSIS\Device\MegaHunt\mhscpu\Source\A
RM\startup_mhscpu.s
   Uses
      At line 114 in file ..\..\Libraries\CMSIS\Device\MegaHunt\mhscpu\Source\A
RM\startup_mhscpu.s
      At line 245 in file ..\..\Libraries\CMSIS\Device\MegaHunt\mhscpu\Source\A
RM\startup_mhscpu.s

SVC_Handler 0000001E

Symbol: SVC_Handler
   Definitions
      At line 203 in file ..\..\Libraries\CMSIS\Device\MegaHunt\mhscpu\Source\A
RM\startup_mhscpu.s
   Uses
      At line 87 in file ..\..\Libraries\CMSIS\Device\MegaHunt\mhscpu\Source\AR
M\startup_mhscpu.s
      At line 204 in file ..\..\Libraries\CMSIS\Device\MegaHunt\mhscpu\Source\A
RM\startup_mhscpu.s

SysTick_Handler 00000024

Symbol: SysTick_Handler
   Definitions
      At line 218 in file ..\..\Libraries\CMSIS\Device\MegaHunt\mhscpu\Source\A
RM\startup_mhscpu.s
   Uses
      At line 91 in file ..\..\Libraries\CMSIS\Device\MegaHunt\mhscpu\Source\AR
M\startup_mhscpu.s
      At line 219 in file ..\..\Libraries\CMSIS\Device\MegaHunt\mhscpu\Source\A
RM\startup_mhscpu.s

TIM0_0_IRQHandler 00000026

Symbol: TIM0_0_IRQHandler
   Definitions
      At line 278 in file ..\..\Libraries\CMSIS\Device\MegaHunt\mhscpu\Source\A
RM\startup_mhscpu.s
   Uses
      At line 103 in file ..\..\Libraries\CMSIS\Device\MegaHunt\mhscpu\Source\A
RM\startup_mhscpu.s
      At line 234 in file ..\..\Libraries\CMSIS\Device\MegaHunt\mhscpu\Source\A



ARM Macro Assembler    Page 9 Alphabetic symbol ordering
Relocatable symbols

RM\startup_mhscpu.s

TIM0_1_IRQHandler 00000026

Symbol: TIM0_1_IRQHandler
   Definitions
      At line 279 in file ..\..\Libraries\CMSIS\Device\MegaHunt\mhscpu\Source\A
RM\startup_mhscpu.s
   Uses
      At line 104 in file ..\..\Libraries\CMSIS\Device\MegaHunt\mhscpu\Source\A
RM\startup_mhscpu.s
      At line 235 in file ..\..\Libraries\CMSIS\Device\MegaHunt\mhscpu\Source\A
RM\startup_mhscpu.s

TIM0_2_IRQHandler 00000026

Symbol: TIM0_2_IRQHandler
   Definitions
      At line 280 in file ..\..\Libraries\CMSIS\Device\MegaHunt\mhscpu\Source\A
RM\startup_mhscpu.s
   Uses
      At line 105 in file ..\..\Libraries\CMSIS\Device\MegaHunt\mhscpu\Source\A
RM\startup_mhscpu.s
      At line 236 in file ..\..\Libraries\CMSIS\Device\MegaHunt\mhscpu\Source\A
RM\startup_mhscpu.s

TIM0_3_IRQHandler 00000026

Symbol: TIM0_3_IRQHandler
   Definitions
      At line 281 in file ..\..\Libraries\CMSIS\Device\MegaHunt\mhscpu\Source\A
RM\startup_mhscpu.s
   Uses
      At line 106 in file ..\..\Libraries\CMSIS\Device\MegaHunt\mhscpu\Source\A
RM\startup_mhscpu.s
      At line 237 in file ..\..\Libraries\CMSIS\Device\MegaHunt\mhscpu\Source\A
RM\startup_mhscpu.s

TIM0_4_IRQHandler 00000026

Symbol: TIM0_4_IRQHandler
   Definitions
      At line 290 in file ..\..\Libraries\CMSIS\Device\MegaHunt\mhscpu\Source\A
RM\startup_mhscpu.s
   Uses
      At line 115 in file ..\..\Libraries\CMSIS\Device\MegaHunt\mhscpu\Source\A
RM\startup_mhscpu.s
      At line 246 in file ..\..\Libraries\CMSIS\Device\MegaHunt\mhscpu\Source\A
RM\startup_mhscpu.s

TIM0_5_IRQHandler 00000026

Symbol: TIM0_5_IRQHandler
   Definitions
      At line 291 in file ..\..\Libraries\CMSIS\Device\MegaHunt\mhscpu\Source\A
RM\startup_mhscpu.s
   Uses
      At line 116 in file ..\..\Libraries\CMSIS\Device\MegaHunt\mhscpu\Source\A
RM\startup_mhscpu.s



ARM Macro Assembler    Page 10 Alphabetic symbol ordering
Relocatable symbols

      At line 247 in file ..\..\Libraries\CMSIS\Device\MegaHunt\mhscpu\Source\A
RM\startup_mhscpu.s

TIM0_6_IRQHandler 00000026

Symbol: TIM0_6_IRQHandler
   Definitions
      At line 304 in file ..\..\Libraries\CMSIS\Device\MegaHunt\mhscpu\Source\A
RM\startup_mhscpu.s
   Uses
      At line 133 in file ..\..\Libraries\CMSIS\Device\MegaHunt\mhscpu\Source\A
RM\startup_mhscpu.s
      At line 260 in file ..\..\Libraries\CMSIS\Device\MegaHunt\mhscpu\Source\A
RM\startup_mhscpu.s

TIM0_7_IRQHandler 00000026

Symbol: TIM0_7_IRQHandler
   Definitions
      At line 305 in file ..\..\Libraries\CMSIS\Device\MegaHunt\mhscpu\Source\A
RM\startup_mhscpu.s
   Uses
      At line 134 in file ..\..\Libraries\CMSIS\Device\MegaHunt\mhscpu\Source\A
RM\startup_mhscpu.s
      At line 261 in file ..\..\Libraries\CMSIS\Device\MegaHunt\mhscpu\Source\A
RM\startup_mhscpu.s

TRNG_IRQHandler 00000026

Symbol: TRNG_IRQHandler
   Definitions
      At line 287 in file ..\..\Libraries\CMSIS\Device\MegaHunt\mhscpu\Source\A
RM\startup_mhscpu.s
   Uses
      At line 112 in file ..\..\Libraries\CMSIS\Device\MegaHunt\mhscpu\Source\A
RM\startup_mhscpu.s
      At line 243 in file ..\..\Libraries\CMSIS\Device\MegaHunt\mhscpu\Source\A
RM\startup_mhscpu.s

UART0_IRQHandler 00000026

Symbol: UART0_IRQHandler
   Definitions
      At line 274 in file ..\..\Libraries\CMSIS\Device\MegaHunt\mhscpu\Source\A
RM\startup_mhscpu.s
   Uses
      At line 99 in file ..\..\Libraries\CMSIS\Device\MegaHunt\mhscpu\Source\AR
M\startup_mhscpu.s
      At line 230 in file ..\..\Libraries\CMSIS\Device\MegaHunt\mhscpu\Source\A
RM\startup_mhscpu.s

UART1_IRQHandler 00000026

Symbol: UART1_IRQHandler
   Definitions
      At line 275 in file ..\..\Libraries\CMSIS\Device\MegaHunt\mhscpu\Source\A
RM\startup_mhscpu.s
   Uses
      At line 100 in file ..\..\Libraries\CMSIS\Device\MegaHunt\mhscpu\Source\A



ARM Macro Assembler    Page 11 Alphabetic symbol ordering
Relocatable symbols

RM\startup_mhscpu.s
      At line 231 in file ..\..\Libraries\CMSIS\Device\MegaHunt\mhscpu\Source\A
RM\startup_mhscpu.s

UART2_IRQHandler 00000026

Symbol: UART2_IRQHandler
   Definitions
      At line 298 in file ..\..\Libraries\CMSIS\Device\MegaHunt\mhscpu\Source\A
RM\startup_mhscpu.s
   Uses
      At line 126 in file ..\..\Libraries\CMSIS\Device\MegaHunt\mhscpu\Source\A
RM\startup_mhscpu.s
      At line 254 in file ..\..\Libraries\CMSIS\Device\MegaHunt\mhscpu\Source\A
RM\startup_mhscpu.s

UART3_IRQHandler 00000026

Symbol: UART3_IRQHandler
   Definitions
      At line 299 in file ..\..\Libraries\CMSIS\Device\MegaHunt\mhscpu\Source\A
RM\startup_mhscpu.s
   Uses
      At line 127 in file ..\..\Libraries\CMSIS\Device\MegaHunt\mhscpu\Source\A
RM\startup_mhscpu.s
      At line 255 in file ..\..\Libraries\CMSIS\Device\MegaHunt\mhscpu\Source\A
RM\startup_mhscpu.s

USBDMA_IRQHandler 00000026

Symbol: USBDMA_IRQHandler
   Definitions
      At line 271 in file ..\..\Libraries\CMSIS\Device\MegaHunt\mhscpu\Source\A
RM\startup_mhscpu.s
   Uses
      At line 96 in file ..\..\Libraries\CMSIS\Device\MegaHunt\mhscpu\Source\AR
M\startup_mhscpu.s
      At line 227 in file ..\..\Libraries\CMSIS\Device\MegaHunt\mhscpu\Source\A
RM\startup_mhscpu.s

USB_IRQHandler 00000026

Symbol: USB_IRQHandler
   Definitions
      At line 270 in file ..\..\Libraries\CMSIS\Device\MegaHunt\mhscpu\Source\A
RM\startup_mhscpu.s
   Uses
      At line 95 in file ..\..\Libraries\CMSIS\Device\MegaHunt\mhscpu\Source\AR
M\startup_mhscpu.s
      At line 226 in file ..\..\Libraries\CMSIS\Device\MegaHunt\mhscpu\Source\A
RM\startup_mhscpu.s

UsageFault_Handler 0000001C

Symbol: UsageFault_Handler
   Definitions
      At line 199 in file ..\..\Libraries\CMSIS\Device\MegaHunt\mhscpu\Source\A
RM\startup_mhscpu.s
   Uses



ARM Macro Assembler    Page 12 Alphabetic symbol ordering
Relocatable symbols

      At line 82 in file ..\..\Libraries\CMSIS\Device\MegaHunt\mhscpu\Source\AR
M\startup_mhscpu.s
      At line 200 in file ..\..\Libraries\CMSIS\Device\MegaHunt\mhscpu\Source\A
RM\startup_mhscpu.s

55 symbols



ARM Macro Assembler    Page 1 Alphabetic symbol ordering
Absolute symbols

Heap_Size 00008000

Symbol: Heap_Size
   Definitions
      At line 57 in file ..\..\Libraries\CMSIS\Device\MegaHunt\mhscpu\Source\AR
M\startup_mhscpu.s
   Uses
      At line 61 in file ..\..\Libraries\CMSIS\Device\MegaHunt\mhscpu\Source\AR
M\startup_mhscpu.s
Comment: Heap_Size used once
Stack_Size 00008000

Symbol: Stack_Size
   Definitions
      At line 46 in file ..\..\Libraries\CMSIS\Device\MegaHunt\mhscpu\Source\AR
M\startup_mhscpu.s
   Uses
      At line 49 in file ..\..\Libraries\CMSIS\Device\MegaHunt\mhscpu\Source\AR
M\startup_mhscpu.s
Comment: Stack_Size used once
__Vectors_Size 00000110

Symbol: __Vectors_Size
   Definitions
      At line 149 in file ..\..\Libraries\CMSIS\Device\MegaHunt\mhscpu\Source\A
RM\startup_mhscpu.s
   Uses
      At line 74 in file ..\..\Libraries\CMSIS\Device\MegaHunt\mhscpu\Source\AR
M\startup_mhscpu.s
Comment: __Vectors_Size used once
3 symbols



ARM Macro Assembler    Page 1 Alphabetic symbol ordering
External symbols

SystemInit 00000000

Symbol: SystemInit
   Definitions
      At line 158 in file ..\..\Libraries\CMSIS\Device\MegaHunt\mhscpu\Source\A
RM\startup_mhscpu.s
   Uses
      At line 167 in file ..\..\Libraries\CMSIS\Device\MegaHunt\mhscpu\Source\A
RM\startup_mhscpu.s
Comment: SystemInit used once
__main 00000000

Symbol: __main
   Definitions
      At line 159 in file ..\..\Libraries\CMSIS\Device\MegaHunt\mhscpu\Source\A
RM\startup_mhscpu.s
   Uses
      At line 170 in file ..\..\Libraries\CMSIS\Device\MegaHunt\mhscpu\Source\A
RM\startup_mhscpu.s
Comment: __main used once
2 symbols
406 symbols in table
